https://baravik.org/topic/1393/|||http://oi60.tinypic.com/20tjymu.jpg
https://baravik.org/topic/1394/|||http://oi61.tinypic.com/2u8cc5d.jpg
https://baravik.org/topic/1744/|||https://pp.userapi.com/c639621/v639621744/37a8f/P3C0A8-DsJA.jpg
https://baravik.org/topic/523/|||http://image.bayimg.com/cadecaade.jpg
https://baravik.org/topic/1798/|||http://i100.fastpic.ru/big/2017/1230/d9/5af2b278f7048908663de34b29a9ded9.png
https://baravik.org/topic/1792/|||https://s8.postimg.org/5c36yvs0l/image.png
https://baravik.org/topic/1673/|||http://s019.radikal.ru/i611/1704/19/fe79acb52979.jpg
https://baravik.org/topic/1707/|||http://i069.radikal.ru/1704/97/0431c7563182.png
https://baravik.org/topic/1584/|||http://www.sharefaithtools.com/history/passionofchrist.jpg
https://baravik.org/topic/1533/|||http://s27.postimg.org/ix8fw56mb/image.png
https://baravik.org/topic/1524/|||https://pp.userapi.com/c638821/v638821694/6a73e/AV-dc6TLtUY.jpg
https://baravik.org/topic/1552/|||http://s16.postimg.org/3k5gftdz9/2_1_500.png
https://baravik.org/topic/1543/|||http://s1.postimg.org/kfgjvikpb/1_4.png
https://baravik.org/topic/1510/|||https://upload.wikimedia.org/wikipedia/uk/5/53/Blade_Runner_poster.jpg
https://baravik.org/topic/1295/|||http://pics.filmaffinity.com/The_Orchid_Gardener-747653115-large.jpg
https://baravik.org/topic/1766/|||https://s26.postimg.org/w3g0k7x95/image.png
https://baravik.org/topic/1760/|||https://s4.postimg.org/n2djt62z1/image.png
https://baravik.org/topic/1753/|||https://s27.postimg.org/cjsqonpk3/image.png
https://baravik.org/topic/1736/|||https://s12.postimg.org/3rwtgws4t/719817.jpg
https://baravik.org/topic/1735/|||https://s24.postimg.org/cn3mrly5x/relatos-salvajes.jpg
https://baravik.org/topic/1719/|||http://i92.fastpic.ru/big/2017/0610/0e/ccda7218143920537ab0f199c5cf690e.jpg
https://baravik.org/topic/1728/|||http://i96.fastpic.ru/big/2017/0708/e6/b44620b4a45de8f35f98c49669fd64e6.jpeg
https://baravik.org/topic/1704/|||http://ic.pics.livejournal.com/inian/12728046/98410/98410_original.jpg
https://baravik.org/topic/1721/|||http://i98.fastpic.ru/big/2017/1105/64/2a8097cc830c264be4ef9039a5c14564.jpg
https://baravik.org/topic/1720/|||http://i93.fastpic.ru/big/2017/0610/7b/8a369bb0ae9fb8aced491688575d507b.jpg
https://baravik.org/topic/1699/|||https://s18.postimg.org/4jhue7zqx/image.png
https://baravik.org/topic/1691/|||http://s020.radikal.ru/i721/1704/f1/43ca8981bad5.png
https://baravik.org/topic/1663/|||http://i68.tinypic.com/2nv6jxl.png
https://baravik.org/topic/835/|||http://img27.imageshack.us/img27/9820/mv5bmtcyodgzmdy0nv5bml5.jpg
https://baravik.org/topic/1639/|||http://i97.fastpic.ru/big/2017/1105/36/d41e6655319153a27fab8fabffca2936.jpg
https://baravik.org/topic/1645/|||http://i066.radikal.ru/1702/ae/ca49ed67a00a.png
https://baravik.org/topic/1603/|||http://s33.postimg.org/vr9mhilxr/image.png
https://baravik.org/topic/1640/|||http://s019.radikal.ru/i611/1701/36/5fd53b6db918.png
https://baravik.org/topic/1634/|||http://s45.radikal.ru/i109/1703/54/bcda0a89eddc.jpg
https://baravik.org/topic/1631/|||http://s22.postimg.org/run8h37ap/image.png
https://baravik.org/topic/831/|||https://upload.wikimedia.org/wikipedia/fr/4/4e/Ast%C3%A9rix_JO_Logo.png
https://baravik.org/topic/1609/|||http://i65.tinypic.com/23iy07o.jpg
https://baravik.org/topic/1436/|||http://i65.fastpic.ru/big/2014/1031/05/e02aa1a862ebb0f35545845b78e7cd05.jpg
https://baravik.org/topic/1590/|||https://pp.vk.me/c626519/v626519611/2e08/98NBO2_5XDQ.jpg
https://baravik.org/topic/1592/|||https://pp.vk.me/c626519/v626519611/2e08/98NBO2_5XDQ.jpg
https://baravik.org/topic/1585/|||http://i68.tinypic.com/a5870l.jpg
https://baravik.org/topic/1575/|||http://i64.tinypic.com/4tk56p.jpg
https://baravik.org/topic/1377/|||http://cs412424.vk.me/v412424303/8f70/YVmdn4gY0EA.jpg
https://baravik.org/topic/818/|||http://img12.nnm.ru/1/c/d/2/c/1cd2cd9633aafdbb053832a5e20872e0_full.jpg
https://baravik.org/topic/830/|||http://i170.photobucket.com/albums/u280/saigon117/kino/aascposter.jpg
https://baravik.org/topic/1542/|||http://s22.postimg.org/run8h37ap/image.png
https://baravik.org/topic/1437/|||http://pp.vk.me/c622027/v622027303/7948/M2JxPoXT4dM.jpg
https://baravik.org/topic/1519/|||http://5.firepic.org/5/images/2015-08/10/frlbe924q1c2.jpg
https://baravik.org/topic/1448/|||http://i62.tinypic.com/30bhimc.jpg
https://baravik.org/topic/210/|||http://img41.imageshack.us/img41/184/halnkaacn.jpg
https://baravik.org/topic/1508/|||http://i58.tinypic.com/ame5hh.jpg
https://baravik.org/topic/1498/|||http://i62.tinypic.com/2h36k91.jpg
https://baravik.org/topic/98/|||http://i60.tinypic.com/1vmt.jpg
https://baravik.org/topic/201/|||http://oi59.tinypic.com/2e5qnpj.jpg
https://baravik.org/topic/1251/|||http://oi57.tinypic.com/2q1yknr.jpg
https://baravik.org/topic/842/|||http://oi57.tinypic.com/2q1yknr.jpg
https://baravik.org/topic/1431/|||http://oi61.tinypic.com/xfvuyb.jpg
https://baravik.org/topic/1430/|||http://oi61.tinypic.com/xfvuyb.jpg
https://baravik.org/topic/1428/|||http://oi58.tinypic.com/wv4r3n.jpg
https://baravik.org/topic/1424/|||http://oi61.tinypic.com/ymnpw.jpg
https://baravik.org/topic/1405/|||http://oi61.tinypic.com/5ycjk2.jpg
https://baravik.org/topic/1400/|||http://oi62.tinypic.com/72um40.jpg
https://baravik.org/topic/1395/|||http://oi58.tinypic.com/mjbgif.jpg
https://baravik.org/topic/1255/|||http://oi59.tinypic.com/2rz3via.jpg
https://baravik.org/topic/1380/|||http://theshootening.files.wordpress.com/2012/02/assassination-of-jesse-james-by-the-coward-robert-ford.jpeg
https://baravik.org/topic/1285/|||http://cs310831.vk.me/v310831319/2116/MQoHnyQ5U6I.jpg
https://baravik.org/topic/1365/|||http://s11.postimg.org/yze2ux01v/hunting_and_gathering_ensemble_cest_tout_0.jpg
https://baravik.org/topic/1280/|||http://img5.imageshack.us/img5/1792/9gu0.jpg
https://baravik.org/topic/1276/|||http://img5.imageshack.us/img5/1792/9gu0.jpg
https://baravik.org/topic/1272/|||http://img513.imageshack.us/img513/2976/b4e6.jpg
https://baravik.org/topic/1160/|||http://img189.imageshack.us/img189/1496/dc5b.jpg
https://baravik.org/topic/1190/|||http://img826.imageshack.us/img826/1385/slumdogmillionaire0060.jpg
https://baravik.org/topic/211/|||http://img35.imageshack.us/img35/1457/oalafaaco.jpg
https://baravik.org/topic/834/|||http://img23.imageshack.us/img23/5046/fastfivevindiesel.jpg
https://baravik.org/topic/1224/|||http://upload.wikimedia.org/wikipedia/en/f/fa/3iron2.jpg
https://baravik.org/topic/1197/|||http://i5.pixs.ru/thumbs/9/0/5/TheKidBrot_9583143_8136905.jpg
https://baravik.org/topic/100/|||http://bayimg.com/image/paljjaaca.jpg
https://baravik.org/topic/1198/|||http://i.pixs.ru/thumbs/0/6/8/TheFreshma_1202609_8144068.jpg
https://baravik.org/topic/79/|||http://bayimg.com/image/malbjaaca.jpg
https://baravik.org/topic/990/|||http://img137.imageshack.us/img137/1451/106511.jpg
https://baravik.org/topic/214/|||http://img823.imageshack.us/img823/3856/ye6f4a42f.jpg
https://baravik.org/topic/132/|||http://i170.photobucket.com/albums/u280/saigon117/kino/zzd-poster191432-1.jpg
https://baravik.org/topic/634/|||http://i287.photobucket.com/albums/ll131/smalmighty/the_shawshank_redemption.jpg
https://baravik.org/topic/781/|||http://img215.imageshack.us/img215/5166/mv5bmtq0mtkyoda1of5bml5.jpg
https://baravik.org/topic/760/|||http://i62.tinypic.com/a0wkco.jpg
https://baravik.org/topic/782/|||http://1.fwcdn.pl/po/18/44/11844/7110651.2.jpg
https://baravik.org/topic/799/|||http://1.fwcdn.pl/po/74/04/117404/6975765.2.jpg
https://baravik.org/topic/761/|||http://ecx.images-amazon.com/images/I/41GLazDcqzL._SL500_AA300_.jpg
https://baravik.org/topic/155/|||http://i170.photobucket.com/albums/u280/saigon117/kc_poster.jpg
https://baravik.org/topic/801/|||http://img823.imageshack.us/img823/2835/nap20110108234301.jpg
https://baravik.org/topic/46/|||http://i170.photobucket.com/albums/u280/saigon117/lesi.jpg
https://baravik.org/topic/36/|||http://img845.imageshack.us/img845/5485/oalbiaaca.jpg
https://baravik.org/topic/221/|||http://bayimg.com/image/oalbcaaco.jpg
https://baravik.org/topic/102/|||http://i170.photobucket.com/albums/u280/saigon117/kino/tais-toi-poster531752-1.jpg
https://baravik.org/topic/99/|||http://bayimg.com/image/paljiaaca.jpg
https://baravik.org/topic/585/|||http://upload.wikimedia.org/wikipedia/ru/f/fe/Gladiatorteaser.jpg
https://baravik.org/topic/1013/|||http://bayimg.com/image/halakaacc.jpg
https://baravik.org/topic/1017/|||http://lokutusost.ufouni.cz/filmmusic/danna_m/Being_Julia_302066621.jpg
https://baravik.org/topic/855/|||http://img607.imageshack.us/img607/6875/mv5bmty2ndq1mte3nl5bml5.jpg
https://baravik.org/topic/37/|||http://img828.imageshack.us/img828/9308/oalblaaca.jpg
https://baravik.org/topic/814/|||https://c1class.files.wordpress.com/2010/09/dzien_swira_21.jpg
https://baravik.org/topic/953/|||http://1.fwcdn.pl/po/00/03/120003/6996413.3.jpg
https://baravik.org/topic/303/|||http://i8.fastpic.ru/big/2010/0704/c5/ef3b14406c12c8750b6c2975b3b6b2c5.jpg
https://baravik.org/topic/949/|||http://img844.imageshack.us/img844/9435/colourmekubrickatrueish.gif
https://baravik.org/topic/808/|||http://img22.imageshack.us/img22/4175/a3f0257300.gif
https://baravik.org/topic/583/|||http://upload.wikimedia.org/wikipedia/ru/f/fe/Gladiatorteaser.jpg
https://baravik.org/topic/838/|||http://belsat.eu/_/full_20101129_153216.jpg
https://baravik.org/topic/817/|||http://img.interia.pl/rozrywka/film/pl_F3f7c4f7b4eebc_p.jpg
https://baravik.org/topic/882/|||http://img85.imageshack.us/img85/9771/thequeenu.jpg
https://baravik.org/topic/845/|||http://img193.imageshack.us/img193/733/afficheliaisoncoupableh.jpg
https://baravik.org/topic/807/|||https://upload.wikimedia.org/wikipedia/en/thumb/0/0a/Rejs_dvd.JPG/220px-Rejs_dvd.JPG
https://baravik.org/topic/809/|||http://webspace.webring.com/people/ub/brzostek/dvd/TheDebt.jpg
https://baravik.org/topic/816/|||http://www.dax.com.pl/userfiles/Image/news/lejdis%202.jpg
https://baravik.org/topic/810/|||http://static.omdb.si/posters/active/218377.jpg
https://baravik.org/topic/798/|||http://www.mylifetime.com/movies/sites/mylifetime.com/files/2010/04/15/mov-2641-286x160.jpg
https://baravik.org/topic/780/|||http://services.windowsmedia.com/dvdcover/cov150/drt000/t068/t0681318kv3.jpg
https://baravik.org/topic/779/|||https://upload.wikimedia.org/wikipedia/en/thumb/3/3e/Amalia_poster.jpg/220px-Amalia_poster.jpg
https://baravik.org/topic/775/|||http://img442.imageshack.us/img442/7231/71723923.jpg
https://baravik.org/topic/774/|||http://1.fwcdn.pl/po/08/59/859/6950010.2.jpg
https://baravik.org/topic/379/|||http://image.bayimg.com/iaplkaace.jpg
https://baravik.org/topic/382/|||http://image.bayimg.com/iaplkaace.jpg
