https://baravik.org/topic/1393/|||http://oi60.tinypic.com/20tjymu.jpg
https://baravik.org/topic/1394/|||http://oi61.tinypic.com/2u8cc5d.jpg
https://baravik.org/topic/1794/|||https://s7.postimg.org/car0gf9xn/image.png
https://baravik.org/topic/1791/|||https://s7.postimg.org/6l1yd7bvv/image.png
https://baravik.org/topic/1790/|||https://s1.postimg.org/5127r6o1cf/image.png
https://baravik.org/topic/1780/|||https://s1.postimg.org/5zdwl6t6lr/image.png
https://baravik.org/topic/1779/|||https://s1.postimg.org/13uyg82dsf/image.png
https://baravik.org/topic/1776/|||https://s1.postimg.org/3zw40f2rnj/image.png
https://baravik.org/topic/1777/|||https://pp.userapi.com/c639729/v639729464/5d608/NghbCcCRYFQ.jpg
https://baravik.org/topic/1561/|||http://s28.postimg.org/5mhsclr2l/image.png
https://baravik.org/topic/1771/|||https://s26.postimg.org/rjhi10fx5/image.png
https://baravik.org/topic/1768/|||https://s26.postimg.org/li6pltkih/image.png
https://baravik.org/topic/1764/|||https://s26.postimg.org/arcnay9p5/image.png
https://baravik.org/topic/1761/|||https://s4.postimg.org/ab3z0eikt/image.png
https://baravik.org/topic/1757/|||https://s17.postimg.org/7ae718lrz/image.png
https://baravik.org/topic/1758/|||https://s12.postimg.org/xs8kwa28t/image.png
https://baravik.org/topic/1754/|||https://s27.postimg.org/xcanxdc77/image.png
https://baravik.org/topic/1751/|||https://s1.postimg.org/9g4fcrv33/image.png
https://baravik.org/topic/1749/|||https://s1.postimg.org/l5fxx5i4v/image.png
https://baravik.org/topic/1747/|||https://pp.userapi.com/c639816/v639816177/37ce4/MdYspkqdxk4.jpg
https://baravik.org/topic/1746/|||https://s22.postimg.org/d89l5994h/image.png
https://baravik.org/topic/1701/|||https://s29.postimg.org/wazpjdr9z/image.png
https://baravik.org/topic/1703/|||https://s13.postimg.org/4382k9bdz/image.png
https://baravik.org/topic/1692/|||https://s9.postimg.org/dsv38dav3/image.png
https://baravik.org/topic/1685/|||https://s30.postimg.org/wm3ca9y9t/image.png
https://baravik.org/topic/1671/|||https://s11.postimg.org/evxkbmk0j/image.png
https://baravik.org/topic/1658/|||https://s12.postimg.org/bpdjhzw2l/image.png
https://baravik.org/topic/1654/|||https://s21.postimg.org/wnhrzh0yf/image.png
https://baravik.org/topic/1653/|||https://s13.postimg.org/vr7u6g1zr/image.png
https://baravik.org/topic/1651/|||https://s22.postimg.org/6ovsgxlv5/image.png
https://baravik.org/topic/1092/|||http://cs419723.vk.me/v419723899/1519/Whv5DdCj-ME.jpg
https://baravik.org/topic/1264/|||http://img32.imageshack.us/img32/842/f2j.jpeg
https://baravik.org/topic/1806/|||http://i102.fastpic.ru/big/2018/0111/9a/bc2e2b17b48d02c3988e2475acc0779a.jpeg
https://baravik.org/topic/1576/|||http://i65.tinypic.com/124bz8g.jpg
https://baravik.org/topic/1799/|||http://i101.fastpic.ru/big/2018/0107/97/5f0a65bc72d1d58f685503fbd26b9897.jpg
https://baravik.org/topic/1674/|||http://i65.tinypic.com/2v8jwnp.jpg
https://baravik.org/topic/1759/|||http://s019.radikal.ru/i603/1708/6d/c2674038ad0e.jpg
https://baravik.org/topic/1793/|||https://s8.postimg.org/5c36yvs0l/image.png
https://baravik.org/topic/1797/|||https://s2.postimg.org/pa6wb6bt5/image.png
https://baravik.org/topic/1765/|||https://s2.postimg.org/efpeludo9/image.png
https://baravik.org/topic/1795/|||http://www.picshare.ru/uploads/171122/6KY0Qk97L0.jpg
https://baravik.org/topic/1690/|||http://i68.tinypic.com/mw3bpx.jpg
https://baravik.org/topic/1731/|||https://s23.postimg.org/oallnsxzf/311424.jpg
https://baravik.org/topic/1642/|||https://s1.postimg.org/5bkizgw6wf/2_vfk.png
https://baravik.org/topic/1785/|||http://i89.fastpic.ru/big/2017/1029/f7/343bad398076fd61ece27b713f6edef7.jpg
https://baravik.org/topic/1020/|||http://img194.imageshack.us/img194/9659/originalcr.jpg
https://baravik.org/topic/1784/|||http://i89.fastpic.ru/big/2017/1029/48/6913f03c37de9c800250b912a76f3348.jpg
https://baravik.org/topic/1783/|||http://i89.fastpic.ru/big/2017/1028/20/9d48f6f74f3e24cfd7afcc09f68d6320.jpg
https://baravik.org/topic/1769/|||http://i89.fastpic.ru/big/2017/0917/11/a93c1597b75eb73b64bd119a05f83c11.jpg
https://baravik.org/topic/122/|||http://img850.imageshack.us/img850/7985/jalijaacc.jpg
https://baravik.org/topic/1708/|||http://i069.radikal.ru/1704/97/0431c7563182.png
https://baravik.org/topic/1496/|||http://i60.tinypic.com/23mndow.jpg
https://baravik.org/topic/1774/|||http://i89.fastpic.ru/big/2017/1001/f5/58bedac610583e2fc33fdf9b13d956f5.jpg
https://baravik.org/topic/1770/|||https://s26.postimg.org/ho2xepc49/image.png
https://baravik.org/topic/1762/|||http://i93.fastpic.ru/big/2017/0826/d4/c4f303e976efbe6b9c3bfc28879203d4.jpg
https://baravik.org/topic/1767/|||https://s26.postimg.org/w3g0k7x95/image.png
https://baravik.org/topic/1650/|||https://s27.postimg.org/hozdbgvk3/image.png
https://baravik.org/topic/1647/|||https://s15.postimg.org/ijonihamj/image.png
https://baravik.org/topic/1632/|||https://s23.postimg.org/62u8lzhor/nachnyadministratarsmall.png
https://baravik.org/topic/1633/|||https://s28.postimg.org/55kwnusst/image.png
https://baravik.org/topic/963/|||http://i67.tinypic.com/29y5944.jpg
https://baravik.org/topic/1601/|||http://s33.postimg.org/b6vu72bwf/image.png
https://baravik.org/topic/1523/|||http://images-cdn.moviepilot.com/image/upload/v1426601576/431311-7-years-and-counting-the-big-bang-theory-still-rocks-jpeg-214229.jpg
https://baravik.org/topic/1560/|||http://i.piccy.info/i9/3254056cd8cf446e4924807857a38bbd/1457701673/102840/1013001/drapezhn_k.jpg
https://baravik.org/topic/1559/|||http://s32.postimg.org/yru3agbjp/image.jpg
https://baravik.org/topic/1558/|||http://s30.postimg.org/mr3bqkdkx/image.png
https://baravik.org/topic/1556/|||http://s13.postimg.org/mbfbhme0n/image.png
https://baravik.org/topic/1526/|||http://images.moviepostershop.com/woman-in-the-dunes-movie-poster-1964-1020462520.jpg
https://baravik.org/topic/1546/|||http://s11.postimg.org/gfq8bwfsj/image.png
https://baravik.org/topic/1547/|||http://s24.postimg.org/3ot4j6qlx/the_quest.png
https://baravik.org/topic/1544/|||http://s15.postimg.org/7occ8jy1n/image.png
https://baravik.org/topic/1545/|||http://belazar.info/belsoft/kino/2001_space_odyssey.jpg
https://baravik.org/topic/1535/|||http://s28.postimg.org/ghclhwd8t/image.png
https://baravik.org/topic/1534/|||http://s24.postimg.org/3nfvndmqt/image.png
https://baravik.org/topic/1537/|||http://s11.postimg.org/sulre1o7n/image.png
https://baravik.org/topic/1439/|||http://pics.filmaffinity.com/The_Orchid_Gardener-747653115-large.jpg
https://baravik.org/topic/1755/|||https://s12.postimg.org/qfzir1jrh/image.png
https://baravik.org/topic/1763/|||https://s26.postimg.org/ki0s9fteh/image.png
https://baravik.org/topic/1752/|||https://s28.postimg.org/yp5v18tm5/image.png
https://baravik.org/topic/850/|||http://img193.imageshack.us/img193/2531/mazishareinfo1273585319.jpg
https://baravik.org/topic/1698/|||https://s8.postimg.org/6a2dtsy3p/image.png
https://baravik.org/topic/1756/|||https://s17.postimg.org/h0rhj8mov/image.png
https://baravik.org/topic/1750/|||http://i98.fastpic.ru/big/2017/1105/d7/663ed72c51d50e8f7b056d57b9b863d7.jpg
https://baravik.org/topic/1643/|||https://s23.postimg.org/uqv5p3s2z/image.png
https://baravik.org/topic/1745/|||https://pp.userapi.com/c638616/v638616694/1c087/StR3J0EVKuE.jpg
https://baravik.org/topic/1743/|||http://i98.fastpic.ru/big/2017/1105/5e/b5a6a14e2ec0f0ca9046e81d726aac5e.jpg
https://baravik.org/topic/1742/|||https://s12.postimg.org/6s5l112ct/92946_front.jpg
https://baravik.org/topic/1740/|||https://s23.postimg.org/ofdr07rvv/Violette-1.jpg
https://baravik.org/topic/1739/|||https://s21.postimg.org/m0ix3rw87/windwillcarryus02.jpg
https://baravik.org/topic/1527/|||http://i63.tinypic.com/w8tdo8.jpg
https://baravik.org/topic/1738/|||https://s21.postimg.org/7qxzdzv3r/lhermine_still.jpg
https://baravik.org/topic/1737/|||https://s21.postimg.org/rkyfjgc4n/Phoenix-2014-700.jpg
https://baravik.org/topic/1734/|||https://s11.postimg.org/vemdij80z/2134074.jpg
https://baravik.org/topic/1733/|||https://s1.postimg.org/wlf0excf3/Rosso_Blu.jpg
https://baravik.org/topic/1732/|||https://s18.postimg.org/r411u0z3t/Tiempo-sin-aire-10.jpg
https://baravik.org/topic/1730/|||https://s17.postimg.org/45njlqidb/1368447538.jpg
https://baravik.org/topic/1729/|||https://s18.postimg.org/x5ciqg64p/MV5_BOGNh_Yz_Iw_ZDEt_YTA2_My00_Mzcz_LThl_YWEt_N2_E5_MDhm_Zj_A5.jpg
https://baravik.org/topic/1726/|||http://i93.fastpic.ru/big/2017/0703/11/70111044cc5255b368de215516629c11.jpg
https://baravik.org/topic/1725/|||https://s24.postimg.org/s9ojwhnet/You-instead-film-titles.png
https://baravik.org/topic/1724/|||http://img1.bdbphotos.com/images/orig/i/i/iiwadd4s18czawdz.jpg?djet1p5k
https://baravik.org/topic/1723/|||https://s13.postimg.org/fw55870vr/the-mule-cabezal1.jpg
https://baravik.org/topic/1722/|||http://i64.tinypic.com/30wrr6d.jpg
https://baravik.org/topic/1705/|||https://s15.postimg.org/vhy85beuz/image.png
https://baravik.org/topic/1709/|||http://i.imgur.com/UeuH0D9.png
https://baravik.org/topic/1706/|||https://s12.postimg.org/5azbyjehp/image.png
https://baravik.org/topic/1702/|||https://s10.postimg.org/sumqfq73d/image.png
https://baravik.org/topic/1700/|||https://s18.postimg.org/4jhue7zqx/image.png
https://baravik.org/topic/1697/|||https://s2.postimg.org/uqi5o8hnt/My.Joy.2010.DVDRip.1400_Mb.avi_snapshot_00.27.57.jpg
https://baravik.org/topic/1696/|||https://s14.postimg.org/fau04fu29/solo_quiero_caminar-885901589-large.jpg
https://baravik.org/topic/1695/|||https://s3.postimg.org/ydfpsgteb/511m_G-_A484_L._SX200_QL80.jpg
https://baravik.org/topic/1694/|||https://s2.postimg.org/wq96up98p/hqdefault.jpg
https://baravik.org/topic/1693/|||https://s24.postimg.org/weycti9c5/191728_full.jpg
https://baravik.org/topic/1688/|||http://i65.tinypic.com/34rb0bk.jpg
https://baravik.org/topic/1687/|||http://i68.tinypic.com/16hsuoy.jpg
https://baravik.org/topic/1686/|||http://i67.tinypic.com/xugn.jpg
https://baravik.org/topic/1684/|||http://i63.tinypic.com/2lcb9mw.jpg
https://baravik.org/topic/1683/|||http://i64.tinypic.com/157k6k0.jpg
https://baravik.org/topic/1682/|||http://i67.tinypic.com/2ivbllf.jpg
https://baravik.org/topic/1681/|||https://s23.postimg.org/7oa0entu3/image.png
https://baravik.org/topic/1678/|||http://i63.tinypic.com/35nden8.jpg
https://baravik.org/topic/1677/|||http://i66.tinypic.com/292xzq8.jpg
https://baravik.org/topic/1676/|||http://i63.tinypic.com/993nmh.jpg
https://baravik.org/topic/1675/|||http://i68.tinypic.com/a2dqhl.jpg
https://baravik.org/topic/1670/|||http://i64.tinypic.com/bjao2d.jpg
https://baravik.org/topic/1665/|||http://i64.tinypic.com/2943tq9.jpg
https://baravik.org/topic/1655/|||http://s008.radikal.ru/i305/1703/e7/ec3407afa810.jpg
https://baravik.org/topic/1668/|||http://i63.tinypic.com/6hlxmo.jpg
https://baravik.org/topic/1667/|||http://i66.tinypic.com/b7nrxc.jpg
https://baravik.org/topic/1664/|||http://i65.tinypic.com/5am2rp.jpg
https://baravik.org/topic/1662/|||http://i67.tinypic.com/mcrreo.jpg
https://baravik.org/topic/1660/|||http://i65.tinypic.com/qzomt5.jpg
https://baravik.org/topic/1659/|||http://i67.tinypic.com/xvczl.jpg
https://baravik.org/topic/1638/|||http://i97.fastpic.ru/big/2017/1105/36/d41e6655319153a27fab8fabffca2936.jpg
https://baravik.org/topic/1408/|||http://i61.fastpic.ru/big/2014/0709/67/31d22360d9bada101bdb4b9ad442b967.jpg
https://baravik.org/topic/1257/|||http://img835.imageshack.us/img835/5351/xsq5.jpg
https://baravik.org/topic/708/|||http://upload.wikimedia.org/wikipedia/ru/9/9d/Matrix-DVD.jpg
https://baravik.org/topic/130/|||http://i170.photobucket.com/albums/u280/saigon117/kino/knock_off_poster691941.jpg
https://baravik.org/topic/1375/|||https://pp.vk.me/c314325/v314325414/a80c/pHTcL_DJGw0.jpg
https://baravik.org/topic/1649/|||http://i079.radikal.ru/1703/b9/a8a6440ad9fb.jpg
https://baravik.org/topic/1591/|||https://pp.vk.me/c626519/v626519611/2e08/98NBO2_5XDQ.jpg
https://baravik.org/topic/1648/|||http://s019.radikal.ru/i618/1702/86/897fc3f9ba92.jpg
https://baravik.org/topic/1646/|||http://i066.radikal.ru/1702/ae/ca49ed67a00a.png
https://baravik.org/topic/1626/|||https://s21.postimg.org/rczkxb313/image.png
https://baravik.org/topic/1641/|||https://s29.postimg.org/avznl3a2f/image.png
https://baravik.org/topic/1589/|||http://i65.tinypic.com/fu3wxl.jpg
https://baravik.org/topic/1635/|||http://i89.fastpic.ru/big/2017/0113/5c/df22c6a93f9f2afe323924c35d750b5c.jpg
https://baravik.org/topic/1191/|||http://img69.imageshack.us/img69/9580/burnafterreading01.jpg
https://baravik.org/topic/1038/|||http://i68.fastpic.ru/big/2015/0330/5c/2091fa1eaa58eaf6eea2c92dacdf5b5c.jpg
https://baravik.org/topic/237/|||http://albums.foto.tut.by/userpics/d/c/1000141149/katyn11550.jpg
https://baravik.org/topic/1608/|||http://i64.tinypic.com/1zn5w8z.jpg
https://baravik.org/topic/294/|||http://i170.photobucket.com/albums/u280/saigon117/lesi.jpg
https://baravik.org/topic/1612/|||http://i66.tinypic.com/14y4uuu.jpg
https://baravik.org/topic/1610/|||http://i63.tinypic.com/no955w.jpg
https://baravik.org/topic/1616/|||http://i66.tinypic.com/2vsm4c3.jpg
https://baravik.org/topic/1615/|||http://i64.tinypic.com/2ef5fsz.jpg
https://baravik.org/topic/1614/|||http://i66.tinypic.com/1gqhpd.jpg
https://baravik.org/topic/1613/|||http://i67.tinypic.com/11qlcg6.jpg
https://baravik.org/topic/1611/|||http://i65.tinypic.com/287m0w8.jpg
https://baravik.org/topic/1265/|||http://img5.imageshack.us/img5/9579/el3a.jpg
https://baravik.org/topic/1602/|||http://s33.postimg.org/s3icpkmu7/image.png
https://baravik.org/topic/1604/|||https://s28.postimg.org/9kudnb50t/image.png
https://baravik.org/topic/1599/|||http://i68.tinypic.com/535j4z.jpg
https://baravik.org/topic/1598/|||http://i66.tinypic.com/so9wsn.jpg
https://baravik.org/topic/1596/|||http://i65.tinypic.com/8zjhav.jpg
https://baravik.org/topic/1595/|||http://i66.tinypic.com/119rmmr.jpg
https://baravik.org/topic/1594/|||http://i66.tinypic.com/2pqrm8x.jpg
https://baravik.org/topic/1593/|||http://i67.tinypic.com/34ebwuh.jpg
https://baravik.org/topic/1588/|||http://i65.tinypic.com/24l8rxe.jpg
https://baravik.org/topic/1571/|||http://i64.tinypic.com/jhwydd.jpg
https://baravik.org/topic/1528/|||http://i66.tinypic.com/zn4xht.jpg
https://baravik.org/topic/1578/|||http://i65.tinypic.com/nl75oh.jpg
https://baravik.org/topic/1577/|||http://i67.tinypic.com/slpvms.jpg
https://baravik.org/topic/1574/|||http://i64.tinypic.com/ab3xn9.jpg
https://baravik.org/topic/1572/|||https://upload.wikimedia.org/wikipedia/en/e/e6/Blonde_%28film%29.jpg
https://baravik.org/topic/1570/|||http://i66.tinypic.com/2ir3lhv.jpg
https://baravik.org/topic/1569/|||http://i64.tinypic.com/j81hxd.jpg
https://baravik.org/topic/1568/|||http://i68.tinypic.com/95zzlx.jpg
https://baravik.org/topic/1389/|||http://oi61.tinypic.com/2uxzcbq.jpg
https://baravik.org/topic/1555/|||http://s11.postimg.org/p1eruhtqb/image.png
https://baravik.org/topic/1550/|||http://s29.postimg.org/vni6pe9gn/image.png
https://baravik.org/topic/818/page/2/|||https://baravik.org/img/smilies/sad.png
https://baravik.org/topic/1241/|||http://img829.imageshack.us/img829/6114/6lvc.jpg
https://baravik.org/topic/1531/|||http://i65.tinypic.com/2yl3e3d.jpg
https://baravik.org/topic/1529/|||http://i68.tinypic.com/30rqxvo.gif
https://baravik.org/topic/1530/|||http://i65.tinypic.com/sm55jr.jpg
https://baravik.org/topic/1515/|||http://oi59.tinypic.com/2w7205c.jpg
https://baravik.org/topic/1511/|||http://i59.tinypic.com/j0gqqg.jpg
https://baravik.org/topic/1520/|||https://pp.vk.me/c623630/v623630414/4b5c6/x8xRrqsW7_U.jpg
https://baravik.org/topic/1513/|||http://i62.tinypic.com/11t4ewy.jpg
https://baravik.org/topic/1512/|||http://i62.tinypic.com/2s6ue7c.jpg
https://baravik.org/topic/912/|||http://i59.tinypic.com/s63cbo.jpg
https://baravik.org/topic/1507/|||http://i57.tinypic.com/vh52bq.jpg
https://baravik.org/topic/1506/|||http://i57.tinypic.com/9kouq9.jpg
https://baravik.org/topic/1504/|||http://i57.tinypic.com/dg40zl.jpg
https://baravik.org/topic/1503/|||http://i57.tinypic.com/2qbekqa.jpg
https://baravik.org/topic/1502/|||http://i59.tinypic.com/1zw28n8.jpg
https://baravik.org/topic/1501/|||http://i57.tinypic.com/2621h1d.jpg
https://baravik.org/topic/1500/|||http://i61.tinypic.com/2mq0wid.jpg
https://baravik.org/topic/1493/|||http://i61.tinypic.com/4lh6qa.jpg
https://baravik.org/topic/1485/|||http://i59.tinypic.com/2sagd2a.jpg
https://baravik.org/topic/1497/|||http://i62.tinypic.com/29uvmfs.jpg
https://baravik.org/topic/1495/|||http://i57.tinypic.com/r09isj.jpg
https://baravik.org/topic/1494/|||http://i61.tinypic.com/2iaza4i.jpg
https://baravik.org/topic/914/|||http://ecx.images-amazon.com/images/I/51BGmP780jL._SL500_AA300_.jpg
https://baravik.org/topic/1486/|||http://i60.tinypic.com/2zfv4nn.jpg
https://baravik.org/topic/1484/|||http://i58.tinypic.com/2nt8fbo.jpg
https://baravik.org/topic/1483/|||http://i57.tinypic.com/riucl3.jpg
https://baravik.org/topic/1482/|||http://i62.tinypic.com/282qs6x.jpg
https://baravik.org/topic/1465/|||http://oi59.tinypic.com/2ikv4ed.jpg
https://baravik.org/topic/772/|||http://img195.imageshack.us/img195/9489/50f0ce59b28dc10682e4605.jpg
https://baravik.org/topic/1466/|||http://oi58.tinypic.com/x3s60o.jpg
https://baravik.org/topic/1464/|||http://oi59.tinypic.com/2e5qnpj.jpg
https://baravik.org/topic/1451/|||http://oi62.tinypic.com/svjvnn.jpg
https://baravik.org/topic/1452/|||http://oi60.tinypic.com/2m7ao40.jpg
https://baravik.org/topic/1450/|||http://oi61.tinypic.com/opoeqd.jpg
https://baravik.org/topic/1449/|||http://oi57.tinypic.com/2q1yknr.jpg
https://baravik.org/topic/1433/|||http://oi57.tinypic.com/2r750yg.jpg
https://baravik.org/topic/1432/|||http://oi61.tinypic.com/xfvuyb.jpg
https://baravik.org/topic/1429/|||http://oi58.tinypic.com/wv4r3n.jpg
https://baravik.org/topic/1427/|||http://i68.fastpic.ru/big/2015/0330/5b/07f70bb16e41ebf6f59de30365dc735b.jpg
https://baravik.org/topic/1426/|||http://oi57.tinypic.com/no6fli.jpg
https://baravik.org/topic/1425/|||http://oi58.tinypic.com/rc7sbl.jpg
https://baravik.org/topic/1423/|||http://oi62.tinypic.com/2rro4t4.jpg
https://baravik.org/topic/1422/|||http://oi62.tinypic.com/iepgud.jpg
https://baravik.org/topic/1421/|||http://oi59.tinypic.com/afisls.jpg
https://baravik.org/topic/1420/|||http://oi60.tinypic.com/149v4tv.jpg
https://baravik.org/topic/1419/|||http://oi61.tinypic.com/2h5tkyu.jpg
https://baravik.org/topic/1418/|||http://oi59.tinypic.com/205zk0x.jpg
https://baravik.org/topic/1417/|||http://oi62.tinypic.com/vz9c46.jpg
https://baravik.org/topic/1415/|||http://oi60.tinypic.com/igyk4z.jpg
https://baravik.org/topic/1403/|||http://oi60.tinypic.com/sngf8h.jpg
https://baravik.org/topic/1392/|||http://oi61.tinypic.com/5ycjk2.jpg
https://baravik.org/topic/1404/|||http://oi61.tinypic.com/14uangh.jpg
https://baravik.org/topic/1402/|||http://oi60.tinypic.com/2wq4ozm.jpg
https://baravik.org/topic/1401/|||http://oi62.tinypic.com/72um40.jpg
https://baravik.org/topic/1399/|||http://oi58.tinypic.com/fyn4w1.jpg
https://baravik.org/topic/1398/|||http://oi59.tinypic.com/2vjdfr9.jpg
https://baravik.org/topic/1397/|||http://oi62.tinypic.com/9jpyr4.jpg
https://baravik.org/topic/1396/|||http://oi61.tinypic.com/swa6mx.jpg
https://baravik.org/topic/1394/|||http://oi61.tinypic.com/2u8cc5d.jpg
https://baravik.org/topic/1393/|||http://oi60.tinypic.com/20tjymu.jpg
https://baravik.org/topic/1391/|||http://oi59.tinypic.com/1e3z8h.jpg
https://baravik.org/topic/1388/|||http://oi59.tinypic.com/2rz3via.jpg
https://baravik.org/topic/1382/|||http://cs424118.vk.me/v424118303/94f7/R3AD5pO6H9k.jpg
https://baravik.org/topic/1378/|||http://s23.postimg.org/4a8712b9n/2333_2.jpg
https://baravik.org/topic/1373/|||http://s8.postimg.org/6ofv2t6ed/dead_lines_1.jpg
https://baravik.org/topic/1372/|||http://s1.postimg.org/6snev5u3z/boisko_a.jpg
https://baravik.org/topic/1371/|||http://s10.postimg.org/p8lretl7d/1275699601_1275690286_ba72380283e9.jpg
https://baravik.org/topic/1370/|||http://s16.postimg.org/urevuqv0l/image.jpg
https://baravik.org/topic/1369/|||http://s29.postimg.org/7qsvn32s7/image.jpg
https://baravik.org/topic/1368/|||http://s11.postimg.org/yze2ux01v/hunting_and_gathering_ensemble_cest_tout_0.jpg
https://baravik.org/topic/1367/|||http://s28.postimg.org/usfxzm025/149535.jpg
https://baravik.org/topic/1366/|||http://s18.postimg.org/l7qhsyxop/i065131.jpg
https://baravik.org/topic/1364/|||http://s8.postimg.org/nsskrqox1/scoop.jpg
https://baravik.org/topic/1363/|||http://s27.postimg.org/npablbutf/88063_1.jpg
https://baravik.org/topic/1362/|||http://s11.postimg.org/s15db8cjn/57900_1.jpg
https://baravik.org/topic/1361/|||http://s28.postimg.org/cujtqiba5/black_dahlia_ver4.jpg
https://baravik.org/topic/1360/|||http://s10.postimg.org/cbma0uwzd/1250694305_air_rage1.jpg
https://baravik.org/topic/1336/|||http://cs7009.vk.me/c310125/v310125899/637e/XVAAS4wUfKY.jpg
https://baravik.org/topic/1359/|||http://s10.postimg.org/dgvhy32k9/a_love_song_for_bobby_long1.jpg
https://baravik.org/topic/911/|||http://ooster.ru/covers/ost_38/Caotica-Ana-soundtrack.png
https://baravik.org/topic/1243/|||http://img43.imageshack.us/img43/2905/rqma.jpg
https://baravik.org/topic/1249/|||http://img27.imageshack.us/img27/2567/qifp.jpg
https://baravik.org/topic/1284/|||http://img689.imageshack.us/img689/8075/q5d2.jpg
https://baravik.org/topic/866/|||http://www.belsat.eu/_/nap_20110108_232753.jpg
https://baravik.org/topic/1287/|||http://img716.imageshack.us/img716/3302/zeeb.jpg
https://baravik.org/topic/1286/|||http://img202.imageshack.us/img202/237/ei9b.jpg
https://baravik.org/topic/1283/|||http://img802.imageshack.us/img802/965/80dc.jpg
https://baravik.org/topic/1282/|||http://img5.imageshack.us/img5/1792/9gu0.jpg
https://baravik.org/topic/1274/|||http://img401.imageshack.us/img401/7127/8frq.jpg
https://baravik.org/topic/1270/|||http://img24.imageshack.us/img24/457/nz6n.jpg
https://baravik.org/topic/1263/|||http://img163.imageshack.us/img163/3646/moxq.jpg
https://baravik.org/topic/1260/|||http://img208.imageshack.us/img208/7917/2b6j.jpg
https://baravik.org/topic/1258/|||http://img209.imageshack.us/img209/9981/2bje.jpg
https://baravik.org/topic/1256/|||http://img62.imageshack.us/img62/5964/4bi4.jpg
https://baravik.org/topic/1254/|||http://img16.imageshack.us/img16/2488/3m1w.jpg
https://baravik.org/topic/1250/|||http://img821.imageshack.us/img821/6629/mhsr.jpg
https://baravik.org/topic/1244/|||http://img703.imageshack.us/img703/1461/60ot.jpg
https://baravik.org/topic/1242/|||http://img189.imageshack.us/img189/1496/dc5b.jpg
https://baravik.org/topic/76/|||http://i170.photobucket.com/albums/u280/saigon117/kino/tick-tock_poster356084.jpg
https://baravik.org/topic/1195/|||http://img28.imageshack.us/img28/2759/2020838fullupanabogazam.jpg
https://baravik.org/topic/1066/|||http://imageshack.us/a/img707/2697/23956gal.jpg
https://baravik.org/topic/1196/|||http://img580.imageshack.us/img580/3944/tumblrlylhncwp8t1qmr9ra.png
https://baravik.org/topic/1194/|||http://img839.imageshack.us/img839/3998/43304964.jpg
https://baravik.org/topic/1192/|||http://img560.imageshack.us/img560/7151/braciszek.jpg
https://baravik.org/topic/1189/|||http://img11.imageshack.us/img11/4189/69235684.jpg
https://baravik.org/topic/1016/|||http://img440.imageshack.us/img440/4899/aishwaryaraiinbrideandp.jpg
https://baravik.org/topic/181/|||http://i170.photobucket.com/albums/u280/saigon117/lisce1.jpg
https://baravik.org/topic/836/|||https://upload.wikimedia.org/wikipedia/en/thumb/8/80/PanTadeusz1999.jpg/220px-PanTadeusz1999.jpg
https://baravik.org/topic/827/|||http://upload.wikimedia.org/wikipedia/en/thumb/c/ca/Love_and_Other_Disasters.jpg/220px-Love_and_Other_Disasters.jpg
https://baravik.org/topic/572/|||http://moviezlinks.com/wp-content/uploads/2011/01/Inland-Empire.jpg
https://baravik.org/topic/837/|||https://upload.wikimedia.org/wikipedia/en/thumb/5/59/Devilflesh2.jpg/220px-Devilflesh2.jpg
https://baravik.org/topic/252/|||http://bayimg.com/image/famdaaaci.jpg
https://baravik.org/topic/89/|||http://bayimg.com/image/aalflaaca.jpg
https://baravik.org/topic/883/|||http://img23.imageshack.us/img23/6426/mv5bmtu4nju3nja0n15bml5.jpg
https://baravik.org/topic/78/|||http://img191.imageshack.us/img191/3026/nalboaaca.jpg
https://baravik.org/topic/77/|||http://img59.imageshack.us/img59/6836/oalbbaaca.jpg
https://baravik.org/topic/862/|||http://www.belsat.eu/_/nap_20101218_003613.jpg
https://baravik.org/topic/1068/|||http://imageshack.us/a/img24/1811/584983.jpg
https://baravik.org/topic/168/|||http://i170.photobucket.com/albums/u280/saigon117/lb2.jpg
https://baravik.org/topic/134/|||http://i170.photobucket.com/albums/u280/saigon117/kino/bandyta.jpg
https://baravik.org/topic/864/|||http://upload.wikimedia.org/wikipedia/en/thumb/1/1d/Becoming_jane_ver4.jpg/220px-Becoming_jane_ver4.jpg
https://baravik.org/topic/38/|||http://bayimg.com/image/oalbjaaca.jpg
https://baravik.org/topic/324/|||http://img90.imageshack.us/img90/6641/jannlaaco.jpg
https://baravik.org/topic/87/|||http://bayimg.com/image/paledaaca.jpg
https://baravik.org/topic/239/|||http://bayimg.com/image/mamchaacc.jpg
https://baravik.org/topic/961/|||http://img252.imageshack.us/img252/6430/sztuczki3.jpg
https://baravik.org/topic/376/|||http://image.bayimg.com/iappeaacc.jpg
https://baravik.org/topic/128/|||http://i170.photobucket.com/albums/u280/saigon117/kino/iv-poster145159-1.jpg
https://baravik.org/topic/127/|||http://i170.photobucket.com/albums/u280/saigon117/inspecteur-la-bavure-poster758854-1.jpg
https://baravik.org/topic/70/|||http://i170.photobucket.com/albums/u280/saigon117/kino/Jesus.jpg
https://baravik.org/topic/143/|||http://i170.photobucket.com/albums/u280/saigon117/samuraj.jpg
https://baravik.org/topic/1084/|||http://img717.imageshack.us/img717/9937/20121026211124.jpg
https://baravik.org/topic/144/|||http://i170.photobucket.com/albums/u280/saigon117/tatuli.jpg
https://baravik.org/topic/129/|||http://i170.photobucket.com/albums/u280/saigon117/kino/last_emperor_poster_small_1987_5758.jpg
https://baravik.org/topic/858/|||http://esensja.pl/obrazki/plakaty/16659_dzieci-i-ryby-200.jpg
https://baravik.org/topic/296/|||http://wysylkowa.pl/o/fi_du/8/885428.JPG
https://baravik.org/topic/346/|||http://image.bayimg.com/gaondaacm.jpg
https://baravik.org/topic/88/|||http://bayimg.com/image/aalfiaaca.jpg
https://baravik.org/topic/45/|||http://i170.photobucket.com/albums/u280/saigon117/gryzli.jpg
https://baravik.org/topic/112/|||http://albums.foto.tut.by/userpics/z/d/1000042634/pz_poster857869.gif
https://baravik.org/topic/915/|||http://img72.imageshack.us/img72/2715/l4585150b7196df.jpg
https://baravik.org/topic/1088/|||http://img41.imageshack.us/img41/9195/20120921205047.jpg
https://baravik.org/topic/1085/|||http://img856.imageshack.us/img856/4738/20101003232129.jpg
https://baravik.org/topic/1081/|||http://img543.imageshack.us/img543/979/20110205220303.jpg
https://baravik.org/topic/1080/|||http://img819.imageshack.us/img819/980/20120907195747.jpg
https://baravik.org/topic/1067/|||http://imageshack.us/a/img32/454/defautz.jpg
https://baravik.org/topic/1045/|||http://imageshack.us/a/img706/737/tyszalik3jpgstanda.jpg
https://baravik.org/topic/623/|||http://upload.wikimedia.org/wikipedia/en/9/93/Azuloscurocasinegro.jpg
https://baravik.org/topic/154/|||http://i170.photobucket.com/albums/u280/saigon117/RycaryNeba.jpg
https://baravik.org/topic/61/|||http://bayimg.com/image/oalbdaaca.jpg
https://baravik.org/topic/1037/|||http://img9.imageshack.us/img9/963/dihtb6.jpg
https://baravik.org/topic/249/|||http://upload.wikimedia.org/wikipedia/en/thumb/0/0b/Getawayposter1994.jpg/200px-Getawayposter1994.jpg
https://baravik.org/topic/1034/|||http://img715.imageshack.us/img715/2514/3168c.jpg
https://baravik.org/topic/1032/|||http://img534.imageshack.us/img534/6118/20110120194125.jpg
https://baravik.org/topic/960/|||http://img401.imageshack.us/img401/6995/tatarak.jpg
https://baravik.org/topic/115/|||http://bayimg.com/image/halakaacc.jpg
https://baravik.org/topic/1012/|||http://img651.imageshack.us/img651/2750/bialasukienkamichalkwie.jpg
https://baravik.org/topic/1015/|||http://img256.imageshack.us/img256/1645/bkrolowachmur13.jpg
https://baravik.org/topic/1018/|||http://lokutusost.ufouni.cz/filmmusic/danna_m/Being_Julia_302066621.jpg
https://baravik.org/topic/180/|||http://i170.photobucket.com/albums/u280/saigon117/uboha1.jpg
https://baravik.org/topic/1014/|||http://img607.imageshack.us/img607/6875/mv5bmty2ndq1mte3nl5bml5.jpg
https://baravik.org/topic/944/|||http://img535.imageshack.us/img535/52/cudpurymowy004.jpg
https://baravik.org/topic/998/|||http://img252.imageshack.us/img252/1723/mv5bmty5ntgwotcxm15bml5.jpg
https://baravik.org/topic/62/|||http://img8.imageshack.us/img8/5986/nalbfaaca.jpg
https://baravik.org/topic/868/|||http://www.belsat.eu/_/nap_20110120_182956.jpg
https://baravik.org/topic/991/|||http://1.fwcdn.pl/po/00/03/120003/6996413.3.jpg
https://baravik.org/topic/985/|||http://img198.imageshack.us/img198/1131/fuksb.jpg
https://baravik.org/topic/967/|||http://img137.imageshack.us/img137/3772/missmokregopodkoszulka0.jpg
https://baravik.org/topic/966/|||http://img4.imageshack.us/img4/817/634299983071576486.jpg
https://baravik.org/topic/965/|||http://dystrybucja.tvp.pl/__data/assets/thumbnail/0013/19111/cudze20szczC499C59Bcie20375.jpg
https://baravik.org/topic/964/|||http://img.interia.pl/rozrywka/film/F3cea1c3a49401.jpg
https://baravik.org/topic/920/|||http://medias.fluctuat.net/medias-factory/m/mediabox/media/7/7/6/7677/7677.jpg
https://baravik.org/topic/959/|||http://img19.imageshack.us/img19/1848/jasminum.jpg
https://baravik.org/topic/958/|||http://i.telegraph.co.uk/multimedia/archive/01184/arts-graphics-2008_1184168a.jpg
https://baravik.org/topic/957/|||http://4.bp.blogspot.com/_ZpBybuKcmcs/Rv7310fQcfI/AAAAAAAAACI/VQVayqbJYFo/s320/princesas.jpg
https://baravik.org/topic/916/|||http://img525.imageshack.us/img525/5286/1210461.jpg
https://baravik.org/topic/954/|||http://s4.ifotos.pl/img/41571jpg_hqqpxrp.jpg
https://baravik.org/topic/952/|||http://belsat.eu/_/nap_20110313_183907.jpg
https://baravik.org/topic/950/|||http://img844.imageshack.us/img844/9435/colourmekubrickatrueish.gif
https://baravik.org/topic/948/|||http://www.stbarthff.org/2006/the%20films_files/HabanaBlues4-filtered.png
https://baravik.org/topic/947/|||http://bconline.com.ua/uploads/posts/2012-02/1329055125_skrin_3.jpg
https://baravik.org/topic/946/|||http://www.sangrefria.com.es/images/cine/ddf2.jpg
https://baravik.org/topic/185/|||http://albums.foto.tut.by/userpics/z/d/1000042634/dances-with-wolves_small417226.jpg
https://baravik.org/topic/114/|||http://img812.imageshack.us/img812/3233/halajaacc.jpg
https://baravik.org/topic/60/|||http://img684.imageshack.us/img684/2095/oalbeaaca.jpg
https://baravik.org/topic/116/|||http://bayimg.com/image/halalaacc.jpg
https://baravik.org/topic/924/|||http://www.sverak.cz/underwood/galerie/cd_tajnosti_big.jpg
https://baravik.org/topic/923/|||http://img560.imageshack.us/img560/1441/trueromanceposter1.jpg
https://baravik.org/topic/907/|||https://upload.wikimedia.org/wikipedia/en/thumb/f/fa/Wicker-man-poster.jpg/220px-Wicker-man-poster.jpg
https://baravik.org/topic/919/|||http://afro-style.com/Images_films/back_in_the_day/back_in_the_day_00.gif
https://baravik.org/topic/922/|||http://www.polishfilm.ca/skok/dvds/groups/polish/k/komornik/komo_nts.jpg
https://baravik.org/topic/921/|||http://1.fwcdn.pl/po/56/14/105614/6951332.2.jpg
https://baravik.org/topic/913/|||http://i833.photobucket.com/albums/zz259/franzandfilms/Films/TwoBits.jpg
https://baravik.org/topic/909/|||http://www.pffamerica.com/images/zakochany_aniol.jpg
https://baravik.org/topic/908/|||http://gfx1.fdb.pl/kar6ds
https://baravik.org/topic/906/|||http://img11.imageshack.us/img11/4734/18366688.jpg
https://baravik.org/topic/905/|||http://www.connieandcarla.com/images/splashHV_01.jpg
https://baravik.org/topic/904/|||http://img577.imageshack.us/img577/4109/4887703959f8ed710f24d93.jpg
https://baravik.org/topic/886/|||http://belsat.eu/_/full_20101129_153216.jpg
https://baravik.org/topic/884/|||https://upload.wikimedia.org/wikipedia/en/thumb/4/43/Autumnmovieposter.jpg/220px-Autumnmovieposter.jpg
https://baravik.org/topic/876/|||http://www.belsat.eu/_/nap_20110904_163710.jpg
https://baravik.org/topic/875/|||http://1.fwcdn.pl/po/11/10/1110/6900135.2.jpg
https://baravik.org/topic/872/|||http://www.belsat.eu/_/nap_20110807_175751.jpg
https://baravik.org/topic/863/|||http://1.fwcdn.pl/ph/94/95/39495/53592.1.jpg
https://baravik.org/topic/856/|||http://ecx.images-amazon.com/images/I/51b7wMC4OfL._SL500_AA300_.jpg
https://baravik.org/topic/846/|||http://img193.imageshack.us/img193/733/afficheliaisoncoupableh.jpg
https://baravik.org/topic/840/|||https://upload.wikimedia.org/wikipedia/en/thumb/5/5f/TheHitposter.jpg/220px-TheHitposter.jpg
https://baravik.org/topic/135/|||http://i170.photobucket.com/albums/u280/saigon117/kino/mu.jpg
